{"/Users/denisyu/Documents/personal/StarWarsTask/StarWarsSPA/src/constants.ts": {"path":"/Users/denisyu/Documents/personal/StarWarsTask/StarWarsSPA/src/constants.ts","all":false,"statementMap":{"0":{"start":{"line":1,"column":0},"end":{"line":1,"column":33}}},"s":{"0":1},"branchMap":{},"b":{},"fnMap":{},"f":{}}
,"/Users/denisyu/Documents/personal/StarWarsTask/StarWarsSPA/src/main.tsx": {"path":"/Users/denisyu/Documents/personal/StarWarsTask/StarWarsSPA/src/main.tsx","all":true,"statementMap":{"0":{"start":{"line":1,"column":0},"end":{"line":1,"column":26}},"1":{"start":{"line":2,"column":0},"end":{"line":2,"column":40}},"2":{"start":{"line":3,"column":0},"end":{"line":3,"column":60}},"3":{"start":{"line":4,"column":0},"end":{"line":4,"column":59}},"4":{"start":{"line":5,"column":0},"end":{"line":5,"column":50}},"5":{"start":{"line":6,"column":0},"end":{"line":6,"column":48}},"6":{"start":{"line":7,"column":0},"end":{"line":7,"column":35}},"7":{"start":{"line":8,"column":0},"end":{"line":8,"column":41}},"9":{"start":{"line":10,"column":0},"end":{"line":10,"column":61}},"10":{"start":{"line":11,"column":0},"end":{"line":11,"column":20}},"11":{"start":{"line":12,"column":0},"end":{"line":12,"column":46}},"12":{"start":{"line":13,"column":0},"end":{"line":13,"column":38}},"13":{"start":{"line":14,"column":0},"end":{"line":14,"column":23}},"14":{"start":{"line":15,"column":0},"end":{"line":15,"column":45}},"15":{"start":{"line":16,"column":0},"end":{"line":16,"column":22}},"16":{"start":{"line":17,"column":0},"end":{"line":17,"column":26}},"17":{"start":{"line":18,"column":0},"end":{"line":18,"column":21}},"18":{"start":{"line":19,"column":0},"end":{"line":19,"column":2}}},"s":{"0":0,"1":0,"2":0,"3":0,"4":0,"5":0,"6":0,"7":0,"9":0,"10":0,"11":0,"12":0,"13":0,"14":0,"15":0,"16":0,"17":0,"18":0},"branchMap":{"0":{"type":"branch","line":1,"loc":{"start":{"line":1,"column":545},"end":{"line":19,"column":-391}},"locations":[{"start":{"line":1,"column":545},"end":{"line":19,"column":-391}}]}},"b":{"0":[0]},"fnMap":{"0":{"name":"(empty-report)","decl":{"start":{"line":1,"column":545},"end":{"line":19,"column":-391}},"loc":{"start":{"line":1,"column":545},"end":{"line":19,"column":-391}},"line":1}},"f":{"0":0}}
,"/Users/denisyu/Documents/personal/StarWarsTask/StarWarsSPA/src/app/AppLayout.tsx": {"path":"/Users/denisyu/Documents/personal/StarWarsTask/StarWarsSPA/src/app/AppLayout.tsx","all":true,"statementMap":{"0":{"start":{"line":1,"column":0},"end":{"line":1,"column":42}},"1":{"start":{"line":2,"column":0},"end":{"line":2,"column":48}},"2":{"start":{"line":3,"column":0},"end":{"line":3,"column":42}},"3":{"start":{"line":4,"column":0},"end":{"line":4,"column":44}},"4":{"start":{"line":5,"column":0},"end":{"line":5,"column":50}},"5":{"start":{"line":6,"column":0},"end":{"line":6,"column":36}},"7":{"start":{"line":8,"column":0},"end":{"line":8,"column":37}},"8":{"start":{"line":9,"column":0},"end":{"line":9,"column":10}},"9":{"start":{"line":10,"column":0},"end":{"line":10,"column":23}},"10":{"start":{"line":11,"column":0},"end":{"line":11,"column":32}},"11":{"start":{"line":12,"column":0},"end":{"line":12,"column":17}},"12":{"start":{"line":13,"column":0},"end":{"line":13,"column":51}},"14":{"start":{"line":15,"column":0},"end":{"line":15,"column":23}},"15":{"start":{"line":16,"column":0},"end":{"line":16,"column":18}},"16":{"start":{"line":17,"column":0},"end":{"line":17,"column":15}},"17":{"start":{"line":18,"column":0},"end":{"line":18,"column":46}},"18":{"start":{"line":19,"column":0},"end":{"line":19,"column":18}},"19":{"start":{"line":20,"column":0},"end":{"line":20,"column":18}},"20":{"start":{"line":21,"column":0},"end":{"line":21,"column":10}},"22":{"start":{"line":23,"column":0},"end":{"line":23,"column":1}},"24":{"start":{"line":25,"column":0},"end":{"line":25,"column":18}},"25":{"start":{"line":26,"column":0},"end":{"line":26,"column":21}},"26":{"start":{"line":27,"column":0},"end":{"line":27,"column":32}},"27":{"start":{"line":28,"column":0},"end":{"line":28,"column":43}},"28":{"start":{"line":29,"column":0},"end":{"line":29,"column":26}},"29":{"start":{"line":30,"column":0},"end":{"line":30,"column":31}},"30":{"start":{"line":31,"column":0},"end":{"line":31,"column":32}},"31":{"start":{"line":32,"column":0},"end":{"line":32,"column":11}}},"s":{"0":0,"1":0,"2":0,"3":0,"4":0,"5":0,"7":0,"8":0,"9":0,"10":0,"11":0,"12":0,"14":0,"15":0,"16":0,"17":0,"18":0,"19":0,"20":0,"22":0,"24":0,"25":0,"26":0,"27":0,"28":0,"29":0,"30":0,"31":0},"branchMap":{"0":{"type":"branch","line":1,"loc":{"start":{"line":1,"column":856},"end":{"line":32,"column":11}},"locations":[{"start":{"line":1,"column":856},"end":{"line":32,"column":11}}]}},"b":{"0":[0]},"fnMap":{"0":{"name":"(empty-report)","decl":{"start":{"line":1,"column":856},"end":{"line":32,"column":11}},"loc":{"start":{"line":1,"column":856},"end":{"line":32,"column":11}},"line":1}},"f":{"0":0}}
,"/Users/denisyu/Documents/personal/StarWarsTask/StarWarsSPA/src/app/queryClient.ts": {"path":"/Users/denisyu/Documents/personal/StarWarsTask/StarWarsSPA/src/app/queryClient.ts","all":true,"statementMap":{"0":{"start":{"line":1,"column":0},"end":{"line":1,"column":52}},"2":{"start":{"line":3,"column":0},"end":{"line":3,"column":44}},"3":{"start":{"line":4,"column":0},"end":{"line":4,"column":19}},"4":{"start":{"line":5,"column":0},"end":{"line":5,"column":14}},"5":{"start":{"line":6,"column":0},"end":{"line":6,"column":33}},"6":{"start":{"line":7,"column":0},"end":{"line":7,"column":15}},"7":{"start":{"line":8,"column":0},"end":{"line":8,"column":31}},"8":{"start":{"line":9,"column":0},"end":{"line":9,"column":6}},"9":{"start":{"line":10,"column":0},"end":{"line":10,"column":4}},"10":{"start":{"line":11,"column":0},"end":{"line":11,"column":3}}},"s":{"0":0,"2":0,"3":0,"4":0,"5":0,"6":0,"7":0,"8":0,"9":0,"10":0},"branchMap":{"0":{"type":"branch","line":1,"loc":{"start":{"line":1,"column":231},"end":{"line":11,"column":3}},"locations":[{"start":{"line":1,"column":231},"end":{"line":11,"column":3}}]}},"b":{"0":[0]},"fnMap":{"0":{"name":"(empty-report)","decl":{"start":{"line":1,"column":231},"end":{"line":11,"column":3}},"loc":{"start":{"line":1,"column":231},"end":{"line":11,"column":3}},"line":1}},"f":{"0":0}}
,"/Users/denisyu/Documents/personal/StarWarsTask/StarWarsSPA/src/app/router.tsx": {"path":"/Users/denisyu/Documents/personal/StarWarsTask/StarWarsSPA/src/app/router.tsx","all":true,"statementMap":{"0":{"start":{"line":1,"column":0},"end":{"line":1,"column":55}},"1":{"start":{"line":2,"column":0},"end":{"line":2,"column":61}},"2":{"start":{"line":3,"column":0},"end":{"line":3,"column":63}},"3":{"start":{"line":4,"column":0},"end":{"line":4,"column":36}},"5":{"start":{"line":6,"column":0},"end":{"line":6,"column":45}},"6":{"start":{"line":7,"column":0},"end":{"line":7,"column":3}},"7":{"start":{"line":8,"column":0},"end":{"line":8,"column":5}},"8":{"start":{"line":9,"column":0},"end":{"line":9,"column":16}},"9":{"start":{"line":10,"column":0},"end":{"line":10,"column":29}},"10":{"start":{"line":11,"column":0},"end":{"line":11,"column":17}},"11":{"start":{"line":12,"column":0},"end":{"line":12,"column":57}},"12":{"start":{"line":13,"column":0},"end":{"line":13,"column":65}},"13":{"start":{"line":14,"column":0},"end":{"line":14,"column":8}},"14":{"start":{"line":15,"column":0},"end":{"line":15,"column":6}},"15":{"start":{"line":16,"column":0},"end":{"line":16,"column":49}},"16":{"start":{"line":17,"column":0},"end":{"line":17,"column":4}},"17":{"start":{"line":18,"column":0},"end":{"line":18,"column":40}},"18":{"start":{"line":19,"column":0},"end":{"line":19,"column":2}},"20":{"start":{"line":21,"column":0},"end":{"line":21,"column":25}}},"s":{"0":0,"1":0,"2":0,"3":0,"5":0,"6":0,"7":0,"8":0,"9":0,"10":0,"11":0,"12":0,"13":0,"14":0,"15":0,"16":0,"17":0,"18":0,"20":0},"branchMap":{"0":{"type":"branch","line":1,"loc":{"start":{"line":1,"column":606},"end":{"line":21,"column":25}},"locations":[{"start":{"line":1,"column":606},"end":{"line":21,"column":25}}]}},"b":{"0":[0]},"fnMap":{"0":{"name":"(empty-report)","decl":{"start":{"line":1,"column":606},"end":{"line":21,"column":25}},"loc":{"start":{"line":1,"column":606},"end":{"line":21,"column":25}},"line":1}},"f":{"0":0}}
,"/Users/denisyu/Documents/personal/StarWarsTask/StarWarsSPA/src/components/CharacterCard.tsx": {"path":"/Users/denisyu/Documents/personal/StarWarsTask/StarWarsSPA/src/components/CharacterCard.tsx","all":false,"statementMap":{"0":{"start":{"line":1,"column":0},"end":{"line":1,"column":38}},"1":{"start":{"line":2,"column":0},"end":{"line":2,"column":52}},"2":{"start":{"line":3,"column":0},"end":{"line":3,"column":50}},"3":{"start":{"line":4,"column":0},"end":{"line":4,"column":58}},"4":{"start":{"line":5,"column":0},"end":{"line":5,"column":54}},"5":{"start":{"line":6,"column":0},"end":{"line":6,"column":36}},"6":{"start":{"line":7,"column":0},"end":{"line":7,"column":56}},"7":{"start":{"line":8,"column":0},"end":{"line":8,"column":58}},"8":{"start":{"line":9,"column":0},"end":{"line":9,"column":38}},"14":{"start":{"line":15,"column":0},"end":{"line":15,"column":96}},"15":{"start":{"line":16,"column":0},"end":{"line":16,"column":48}},"16":{"start":{"line":17,"column":0},"end":{"line":17,"column":52}},"17":{"start":{"line":18,"column":0},"end":{"line":18,"column":60}},"18":{"start":{"line":19,"column":0},"end":{"line":19,"column":52}},"19":{"start":{"line":20,"column":0},"end":{"line":20,"column":44}},"21":{"start":{"line":22,"column":0},"end":{"line":22,"column":71}},"22":{"start":{"line":23,"column":0},"end":{"line":23,"column":50}},"23":{"start":{"line":24,"column":0},"end":{"line":24,"column":10}},"24":{"start":{"line":25,"column":0},"end":{"line":25,"column":29}},"25":{"start":{"line":26,"column":0},"end":{"line":26,"column":66}},"26":{"start":{"line":27,"column":0},"end":{"line":27,"column":21}},"27":{"start":{"line":28,"column":0},"end":{"line":28,"column":48}},"28":{"start":{"line":29,"column":0},"end":{"line":29,"column":28}},"29":{"start":{"line":30,"column":0},"end":{"line":30,"column":23}},"30":{"start":{"line":31,"column":0},"end":{"line":31,"column":100}},"31":{"start":{"line":32,"column":0},"end":{"line":32,"column":59}},"32":{"start":{"line":33,"column":0},"end":{"line":33,"column":63}},"33":{"start":{"line":34,"column":0},"end":{"line":34,"column":32}},"34":{"start":{"line":35,"column":0},"end":{"line":35,"column":25}},"35":{"start":{"line":36,"column":0},"end":{"line":36,"column":63}},"36":{"start":{"line":37,"column":0},"end":{"line":37,"column":63}},"37":{"start":{"line":38,"column":0},"end":{"line":38,"column":36}},"38":{"start":{"line":39,"column":0},"end":{"line":39,"column":25}},"39":{"start":{"line":40,"column":0},"end":{"line":40,"column":59}},"40":{"start":{"line":41,"column":0},"end":{"line":41,"column":63}},"41":{"start":{"line":42,"column":0},"end":{"line":42,"column":32}},"42":{"start":{"line":43,"column":0},"end":{"line":43,"column":25}},"43":{"start":{"line":44,"column":0},"end":{"line":44,"column":16}},"44":{"start":{"line":45,"column":0},"end":{"line":45,"column":22}},"45":{"start":{"line":46,"column":0},"end":{"line":46,"column":23}},"46":{"start":{"line":47,"column":0},"end":{"line":47,"column":11}},"48":{"start":{"line":49,"column":0},"end":{"line":49,"column":15}},"50":{"start":{"line":51,"column":0},"end":{"line":51,"column":29}}},"s":{"0":1,"1":1,"2":1,"3":1,"4":1,"5":1,"6":1,"7":1,"8":1,"14":1,"15":2,"16":2,"17":2,"18":2,"19":1,"21":1,"22":10,"23":10,"24":10,"25":10,"26":10,"27":10,"28":10,"29":10,"30":10,"31":10,"32":10,"33":10,"34":10,"35":10,"36":10,"37":10,"38":10,"39":10,"40":10,"41":10,"42":10,"43":10,"44":10,"45":10,"46":10,"48":1,"50":1},"branchMap":{"0":{"type":"branch","line":15,"loc":{"start":{"line":15,"column":19},"end":{"line":20,"column":44}},"locations":[{"start":{"line":15,"column":19},"end":{"line":20,"column":44}}]},"1":{"type":"branch","line":19,"loc":{"start":{"line":19,"column":43},"end":{"line":20,"column":44}},"locations":[{"start":{"line":19,"column":43},"end":{"line":20,"column":44}}]},"2":{"type":"branch","line":22,"loc":{"start":{"line":22,"column":51},"end":{"line":49,"column":3}},"locations":[{"start":{"line":22,"column":51},"end":{"line":49,"column":3}}]}},"b":{"0":[2],"1":[1],"2":[10]},"fnMap":{"0":{"name":"checkEqual","decl":{"start":{"line":15,"column":19},"end":{"line":20,"column":44}},"loc":{"start":{"line":15,"column":19},"end":{"line":20,"column":44}},"line":15}},"f":{"0":2}}
,"/Users/denisyu/Documents/personal/StarWarsTask/StarWarsSPA/src/components/PaginationBar.tsx": {"path":"/Users/denisyu/Documents/personal/StarWarsTask/StarWarsSPA/src/components/PaginationBar.tsx","all":false,"statementMap":{"0":{"start":{"line":1,"column":0},"end":{"line":1,"column":50}},"1":{"start":{"line":2,"column":0},"end":{"line":2,"column":40}},"11":{"start":{"line":12,"column":0},"end":{"line":12,"column":88}},"12":{"start":{"line":13,"column":0},"end":{"line":13,"column":61}},"13":{"start":{"line":14,"column":0},"end":{"line":14,"column":10}},"14":{"start":{"line":15,"column":0},"end":{"line":15,"column":46}},"15":{"start":{"line":16,"column":0},"end":{"line":16,"column":99}},"16":{"start":{"line":17,"column":0},"end":{"line":17,"column":12}},"18":{"start":{"line":19,"column":0},"end":{"line":19,"column":2}},"20":{"start":{"line":21,"column":0},"end":{"line":21,"column":29}}},"s":{"0":1,"1":1,"11":1,"12":6,"13":6,"14":6,"15":6,"16":6,"18":6,"20":1},"branchMap":{"0":{"type":"branch","line":12,"loc":{"start":{"line":12,"column":46},"end":{"line":19,"column":2}},"locations":[{"start":{"line":12,"column":46},"end":{"line":19,"column":2}}]},"1":{"type":"branch","line":16,"loc":{"start":{"line":16,"column":58},"end":{"line":16,"column":81}},"locations":[{"start":{"line":16,"column":58},"end":{"line":16,"column":81}}]}},"b":{"0":[6],"1":[1]},"fnMap":{"0":{"name":"PaginationBar","decl":{"start":{"line":12,"column":46},"end":{"line":19,"column":2}},"loc":{"start":{"line":12,"column":46},"end":{"line":19,"column":2}},"line":12},"1":{"name":"onChange","decl":{"start":{"line":16,"column":58},"end":{"line":16,"column":81}},"loc":{"start":{"line":16,"column":58},"end":{"line":16,"column":81}},"line":16}},"f":{"0":6,"1":1}}
,"/Users/denisyu/Documents/personal/StarWarsTask/StarWarsSPA/src/components/SearchBox.tsx": {"path":"/Users/denisyu/Documents/personal/StarWarsTask/StarWarsSPA/src/components/SearchBox.tsx","all":false,"statementMap":{"0":{"start":{"line":1,"column":0},"end":{"line":1,"column":53}},"1":{"start":{"line":2,"column":0},"end":{"line":2,"column":48}},"2":{"start":{"line":3,"column":0},"end":{"line":3,"column":36}},"11":{"start":{"line":12,"column":0},"end":{"line":12,"column":35}},"12":{"start":{"line":13,"column":0},"end":{"line":13,"column":8}},"13":{"start":{"line":14,"column":0},"end":{"line":14,"column":11}},"14":{"start":{"line":15,"column":0},"end":{"line":15,"column":19}},"15":{"start":{"line":16,"column":0},"end":{"line":16,"column":19}},"16":{"start":{"line":17,"column":0},"end":{"line":17,"column":20}},"17":{"start":{"line":18,"column":0},"end":{"line":18,"column":44}},"18":{"start":{"line":19,"column":0},"end":{"line":19,"column":35}},"19":{"start":{"line":20,"column":0},"end":{"line":20,"column":34}},"20":{"start":{"line":21,"column":0},"end":{"line":21,"column":27}},"21":{"start":{"line":22,"column":0},"end":{"line":22,"column":33}},"22":{"start":{"line":23,"column":0},"end":{"line":23,"column":63}},"23":{"start":{"line":24,"column":0},"end":{"line":24,"column":6}},"24":{"start":{"line":25,"column":0},"end":{"line":25,"column":29}},"26":{"start":{"line":27,"column":0},"end":{"line":27,"column":19}},"27":{"start":{"line":28,"column":0},"end":{"line":28,"column":20}},"28":{"start":{"line":29,"column":0},"end":{"line":29,"column":14}},"30":{"start":{"line":31,"column":0},"end":{"line":31,"column":10}},"31":{"start":{"line":32,"column":0},"end":{"line":32,"column":26}},"32":{"start":{"line":33,"column":0},"end":{"line":33,"column":16}},"33":{"start":{"line":34,"column":0},"end":{"line":34,"column":17}},"34":{"start":{"line":35,"column":0},"end":{"line":35,"column":21}},"35":{"start":{"line":36,"column":0},"end":{"line":36,"column":21}},"36":{"start":{"line":37,"column":0},"end":{"line":37,"column":21}},"37":{"start":{"line":38,"column":0},"end":{"line":38,"column":47}},"38":{"start":{"line":39,"column":0},"end":{"line":39,"column":26}},"39":{"start":{"line":40,"column":0},"end":{"line":40,"column":35}},"40":{"start":{"line":41,"column":0},"end":{"line":41,"column":22}},"41":{"start":{"line":42,"column":0},"end":{"line":42,"column":23}},"42":{"start":{"line":43,"column":0},"end":{"line":43,"column":10}},"43":{"start":{"line":44,"column":0},"end":{"line":44,"column":8}},"44":{"start":{"line":45,"column":0},"end":{"line":45,"column":10}},"46":{"start":{"line":47,"column":0},"end":{"line":47,"column":1}},"48":{"start":{"line":49,"column":0},"end":{"line":49,"column":18}},"49":{"start":{"line":50,"column":0},"end":{"line":50,"column":32}},"50":{"start":{"line":51,"column":0},"end":{"line":51,"column":15}},"51":{"start":{"line":52,"column":0},"end":{"line":52,"column":18}},"52":{"start":{"line":53,"column":0},"end":{"line":53,"column":11}},"54":{"start":{"line":55,"column":0},"end":{"line":55,"column":21}},"55":{"start":{"line":56,"column":0},"end":{"line":56,"column":13}},"56":{"start":{"line":57,"column":0},"end":{"line":57,"column":32}},"57":{"start":{"line":58,"column":0},"end":{"line":58,"column":18}},"58":{"start":{"line":59,"column":0},"end":{"line":59,"column":11}}},"s":{"0":1,"1":1,"2":1,"11":25,"12":25,"13":25,"14":25,"15":25,"16":25,"17":25,"18":25,"19":12,"20":12,"21":5,"22":5,"23":5,"24":25,"26":25,"27":9,"28":25,"30":25,"31":25,"32":25,"33":25,"34":25,"35":25,"36":25,"37":25,"38":25,"39":5,"40":5,"41":5,"42":5,"43":25,"44":25,"46":25,"48":1,"49":1,"50":1,"51":1,"52":1,"54":1,"55":1,"56":1,"57":1,"58":1},"branchMap":{"0":{"type":"branch","line":12,"loc":{"start":{"line":12,"column":0},"end":{"line":47,"column":1}},"locations":[{"start":{"line":12,"column":0},"end":{"line":47,"column":1}}]},"1":{"type":"branch","line":19,"loc":{"start":{"line":19,"column":28},"end":{"line":25,"column":5}},"locations":[{"start":{"line":19,"column":28},"end":{"line":25,"column":5}}]},"2":{"type":"branch","line":21,"loc":{"start":{"line":21,"column":11},"end":{"line":24,"column":6}},"locations":[{"start":{"line":21,"column":11},"end":{"line":24,"column":6}}]},"3":{"type":"branch","line":23,"loc":{"start":{"line":23,"column":32},"end":{"line":23,"column":51}},"locations":[{"start":{"line":23,"column":32},"end":{"line":23,"column":51}}]},"4":{"type":"branch","line":27,"loc":{"start":{"line":27,"column":12},"end":{"line":29,"column":5}},"locations":[{"start":{"line":27,"column":12},"end":{"line":29,"column":5}}]},"5":{"type":"branch","line":39,"loc":{"start":{"line":39,"column":18},"end":{"line":43,"column":10}},"locations":[{"start":{"line":39,"column":18},"end":{"line":43,"column":10}}]}},"b":{"0":[25],"1":[12],"2":[5],"3":[2],"4":[9],"5":[5]},"fnMap":{"0":{"name":"SearchBox","decl":{"start":{"line":12,"column":0},"end":{"line":47,"column":1}},"loc":{"start":{"line":12,"column":0},"end":{"line":47,"column":1}},"line":12},"1":{"name":"onChange","decl":{"start":{"line":39,"column":18},"end":{"line":43,"column":10}},"loc":{"start":{"line":39,"column":18},"end":{"line":43,"column":10}},"line":39}},"f":{"0":25,"1":5}}
,"/Users/denisyu/Documents/personal/StarWarsTask/StarWarsSPA/src/components/SelectInput.tsx": {"path":"/Users/denisyu/Documents/personal/StarWarsTask/StarWarsSPA/src/components/SelectInput.tsx","all":false,"statementMap":{"0":{"start":{"line":1,"column":0},"end":{"line":1,"column":52}},"1":{"start":{"line":2,"column":0},"end":{"line":2,"column":50}},"2":{"start":{"line":3,"column":0},"end":{"line":3,"column":42}},"3":{"start":{"line":4,"column":0},"end":{"line":4,"column":46}},"4":{"start":{"line":5,"column":0},"end":{"line":5,"column":38}},"12":{"start":{"line":13,"column":0},"end":{"line":13,"column":74}},"13":{"start":{"line":14,"column":0},"end":{"line":14,"column":10}},"14":{"start":{"line":15,"column":0},"end":{"line":15,"column":27}},"15":{"start":{"line":16,"column":0},"end":{"line":16,"column":55}},"16":{"start":{"line":17,"column":0},"end":{"line":17,"column":13}},"17":{"start":{"line":18,"column":0},"end":{"line":18,"column":30}},"18":{"start":{"line":19,"column":0},"end":{"line":19,"column":22}},"19":{"start":{"line":20,"column":0},"end":{"line":20,"column":28}},"20":{"start":{"line":21,"column":0},"end":{"line":21,"column":71}},"22":{"start":{"line":23,"column":0},"end":{"line":23,"column":46}},"23":{"start":{"line":24,"column":0},"end":{"line":24,"column":50}},"24":{"start":{"line":25,"column":0},"end":{"line":25,"column":52}},"25":{"start":{"line":26,"column":0},"end":{"line":26,"column":64}},"26":{"start":{"line":27,"column":0},"end":{"line":27,"column":46}},"27":{"start":{"line":28,"column":0},"end":{"line":28,"column":52}},"28":{"start":{"line":29,"column":0},"end":{"line":29,"column":48}},"29":{"start":{"line":30,"column":0},"end":{"line":30,"column":88}},"30":{"start":{"line":31,"column":0},"end":{"line":31,"column":86}},"31":{"start":{"line":32,"column":0},"end":{"line":32,"column":88}},"32":{"start":{"line":33,"column":0},"end":{"line":33,"column":15}},"33":{"start":{"line":34,"column":0},"end":{"line":34,"column":18}},"35":{"start":{"line":36,"column":0},"end":{"line":36,"column":3}},"37":{"start":{"line":38,"column":0},"end":{"line":38,"column":27}}},"s":{"0":1,"1":1,"2":1,"3":1,"4":1,"12":1,"13":6,"14":6,"15":6,"16":6,"17":6,"18":6,"19":6,"20":6,"22":6,"23":6,"24":6,"25":6,"26":6,"27":6,"28":6,"29":6,"30":6,"31":6,"32":6,"33":6,"35":6,"37":1},"branchMap":{"0":{"type":"branch","line":13,"loc":{"start":{"line":13,"column":47},"end":{"line":36,"column":3}},"locations":[{"start":{"line":13,"column":47},"end":{"line":36,"column":3}}]},"1":{"type":"branch","line":20,"loc":{"start":{"line":20,"column":15},"end":{"line":20,"column":28}},"locations":[{"start":{"line":20,"column":15},"end":{"line":20,"column":28}}]},"2":{"type":"branch","line":21,"loc":{"start":{"line":21,"column":18},"end":{"line":21,"column":71}},"locations":[{"start":{"line":21,"column":18},"end":{"line":21,"column":71}}]}},"b":{"0":[6],"1":[2],"2":[1]},"fnMap":{"0":{"name":"onChange","decl":{"start":{"line":21,"column":18},"end":{"line":21,"column":71}},"loc":{"start":{"line":21,"column":18},"end":{"line":21,"column":71}},"line":21}},"f":{"0":1}}
,"/Users/denisyu/Documents/personal/StarWarsTask/StarWarsSPA/src/components/Skeletons.tsx": {"path":"/Users/denisyu/Documents/personal/StarWarsTask/StarWarsSPA/src/components/Skeletons.tsx","all":false,"statementMap":{"0":{"start":{"line":1,"column":0},"end":{"line":1,"column":38}},"1":{"start":{"line":2,"column":0},"end":{"line":2,"column":38}},"2":{"start":{"line":3,"column":0},"end":{"line":3,"column":52}},"3":{"start":{"line":4,"column":0},"end":{"line":4,"column":46}},"4":{"start":{"line":5,"column":0},"end":{"line":5,"column":29}},"5":{"start":{"line":6,"column":0},"end":{"line":6,"column":51}},"6":{"start":{"line":7,"column":0},"end":{"line":7,"column":54}},"8":{"start":{"line":9,"column":0},"end":{"line":9,"column":50}},"9":{"start":{"line":10,"column":0},"end":{"line":10,"column":10}},"10":{"start":{"line":11,"column":0},"end":{"line":11,"column":32}},"11":{"start":{"line":12,"column":0},"end":{"line":12,"column":48}},"12":{"start":{"line":13,"column":0},"end":{"line":13,"column":47}},"13":{"start":{"line":14,"column":0},"end":{"line":14,"column":35}},"14":{"start":{"line":15,"column":0},"end":{"line":15,"column":25}},"15":{"start":{"line":16,"column":0},"end":{"line":16,"column":65}},"16":{"start":{"line":17,"column":0},"end":{"line":17,"column":53}},"17":{"start":{"line":18,"column":0},"end":{"line":18,"column":53}},"18":{"start":{"line":19,"column":0},"end":{"line":19,"column":26}},"19":{"start":{"line":20,"column":0},"end":{"line":20,"column":17}},"20":{"start":{"line":21,"column":0},"end":{"line":21,"column":15}},"21":{"start":{"line":22,"column":0},"end":{"line":22,"column":9}},"22":{"start":{"line":23,"column":0},"end":{"line":23,"column":11}},"24":{"start":{"line":25,"column":0},"end":{"line":25,"column":3}},"26":{"start":{"line":27,"column":0},"end":{"line":27,"column":51}},"27":{"start":{"line":28,"column":0},"end":{"line":28,"column":10}},"28":{"start":{"line":29,"column":0},"end":{"line":29,"column":52}},"29":{"start":{"line":30,"column":0},"end":{"line":30,"column":74}},"31":{"start":{"line":32,"column":0},"end":{"line":32,"column":15}},"33":{"start":{"line":34,"column":0},"end":{"line":34,"column":55}},"34":{"start":{"line":35,"column":0},"end":{"line":35,"column":50}},"35":{"start":{"line":36,"column":0},"end":{"line":36,"column":23}},"36":{"start":{"line":37,"column":0},"end":{"line":37,"column":83}},"37":{"start":{"line":38,"column":0},"end":{"line":38,"column":16}},"38":{"start":{"line":39,"column":0},"end":{"line":39,"column":11}},"39":{"start":{"line":40,"column":0},"end":{"line":40,"column":43}},"40":{"start":{"line":41,"column":0},"end":{"line":41,"column":93}},"41":{"start":{"line":42,"column":0},"end":{"line":42,"column":93}},"42":{"start":{"line":43,"column":0},"end":{"line":43,"column":16}},"43":{"start":{"line":44,"column":0},"end":{"line":44,"column":14}},"44":{"start":{"line":45,"column":0},"end":{"line":45,"column":10}},"46":{"start":{"line":47,"column":0},"end":{"line":47,"column":3}},"48":{"start":{"line":49,"column":0},"end":{"line":49,"column":18}},"49":{"start":{"line":50,"column":0},"end":{"line":50,"column":27}},"50":{"start":{"line":51,"column":0},"end":{"line":51,"column":7}},"51":{"start":{"line":52,"column":0},"end":{"line":52,"column":18}},"52":{"start":{"line":53,"column":0},"end":{"line":53,"column":15}},"53":{"start":{"line":54,"column":0},"end":{"line":54,"column":11}}},"s":{"0":1,"1":1,"2":1,"3":1,"4":1,"5":1,"6":1,"8":1,"9":1,"10":1,"11":1,"12":8,"13":8,"14":8,"15":8,"16":8,"17":8,"18":8,"19":8,"20":8,"21":1,"22":1,"24":1,"26":1,"27":5,"28":5,"29":5,"31":5,"33":5,"34":5,"35":40,"36":40,"37":40,"38":5,"39":5,"40":5,"41":5,"42":5,"43":5,"44":5,"46":5,"48":1,"49":1,"50":1,"51":1,"52":1,"53":1},"branchMap":{"0":{"type":"branch","line":9,"loc":{"start":{"line":9,"column":43},"end":{"line":25,"column":3}},"locations":[{"start":{"line":9,"column":43},"end":{"line":25,"column":3}}]},"1":{"type":"branch","line":12,"loc":{"start":{"line":12,"column":37},"end":{"line":21,"column":15}},"locations":[{"start":{"line":12,"column":37},"end":{"line":21,"column":15}}]},"2":{"type":"branch","line":27,"loc":{"start":{"line":27,"column":44},"end":{"line":47,"column":3}},"locations":[{"start":{"line":27,"column":44},"end":{"line":47,"column":3}}]},"3":{"type":"branch","line":35,"loc":{"start":{"line":35,"column":39},"end":{"line":38,"column":16}},"locations":[{"start":{"line":35,"column":39},"end":{"line":38,"column":16}}]}},"b":{"0":[1],"1":[8],"2":[5],"3":[40]},"fnMap":{},"f":{}}
,"/Users/denisyu/Documents/personal/StarWarsTask/StarWarsSPA/src/hooks/useLocalCharacter.ts": {"path":"/Users/denisyu/Documents/personal/StarWarsTask/StarWarsSPA/src/hooks/useLocalCharacter.ts","all":false,"statementMap":{"0":{"start":{"line":1,"column":0},"end":{"line":1,"column":55}},"1":{"start":{"line":2,"column":0},"end":{"line":2,"column":56}},"2":{"start":{"line":3,"column":0},"end":{"line":3,"column":8}},"9":{"start":{"line":10,"column":0},"end":{"line":10,"column":81}},"10":{"start":{"line":11,"column":0},"end":{"line":11,"column":86}},"12":{"start":{"line":13,"column":0},"end":{"line":13,"column":60}},"13":{"start":{"line":14,"column":0},"end":{"line":14,"column":32}},"14":{"start":{"line":15,"column":0},"end":{"line":15,"column":51}},"15":{"start":{"line":16,"column":0},"end":{"line":16,"column":20}},"17":{"start":{"line":18,"column":0},"end":{"line":18,"column":29}},"18":{"start":{"line":19,"column":0},"end":{"line":19,"column":57}},"19":{"start":{"line":20,"column":0},"end":{"line":20,"column":48}},"20":{"start":{"line":21,"column":0},"end":{"line":21,"column":21}},"21":{"start":{"line":22,"column":0},"end":{"line":22,"column":34}},"22":{"start":{"line":23,"column":0},"end":{"line":23,"column":6}},"23":{"start":{"line":24,"column":0},"end":{"line":24,"column":15}},"24":{"start":{"line":25,"column":0},"end":{"line":25,"column":4}},"26":{"start":{"line":27,"column":0},"end":{"line":27,"column":34}},"27":{"start":{"line":28,"column":0},"end":{"line":28,"column":33}},"28":{"start":{"line":29,"column":0},"end":{"line":29,"column":18}},"30":{"start":{"line":31,"column":0},"end":{"line":31,"column":35}},"31":{"start":{"line":32,"column":0},"end":{"line":32,"column":17}},"32":{"start":{"line":33,"column":0},"end":{"line":33,"column":27}},"33":{"start":{"line":34,"column":0},"end":{"line":34,"column":11}},"35":{"start":{"line":36,"column":0},"end":{"line":36,"column":48}},"36":{"start":{"line":37,"column":0},"end":{"line":37,"column":1}}},"s":{"0":1,"1":1,"2":1,"9":1,"10":8,"12":8,"13":8,"14":7,"15":8,"17":8,"18":8,"19":2,"20":2,"21":2,"22":2,"23":8,"24":8,"26":8,"27":1,"28":8,"30":8,"31":1,"32":1,"33":8,"35":8,"36":8},"branchMap":{"0":{"type":"branch","line":10,"loc":{"start":{"line":10,"column":7},"end":{"line":37,"column":1}},"locations":[{"start":{"line":10,"column":7},"end":{"line":37,"column":1}}]},"1":{"type":"branch","line":11,"loc":{"start":{"line":11,"column":57},"end":{"line":11,"column":84}},"locations":[{"start":{"line":11,"column":57},"end":{"line":11,"column":84}}]},"2":{"type":"branch","line":13,"loc":{"start":{"line":13,"column":53},"end":{"line":16,"column":5}},"locations":[{"start":{"line":13,"column":53},"end":{"line":16,"column":5}}]},"3":{"type":"branch","line":14,"loc":{"start":{"line":14,"column":15},"end":{"line":14,"column":32}},"locations":[{"start":{"line":14,"column":15},"end":{"line":14,"column":32}}]},"4":{"type":"branch","line":14,"loc":{"start":{"line":14,"column":22},"end":{"line":15,"column":51}},"locations":[{"start":{"line":14,"column":22},"end":{"line":15,"column":51}}]},"5":{"type":"branch","line":19,"loc":{"start":{"line":19,"column":4},"end":{"line":23,"column":6}},"locations":[{"start":{"line":19,"column":4},"end":{"line":23,"column":6}}]},"6":{"type":"branch","line":27,"loc":{"start":{"line":27,"column":27},"end":{"line":29,"column":5}},"locations":[{"start":{"line":27,"column":27},"end":{"line":29,"column":5}}]},"7":{"type":"branch","line":31,"loc":{"start":{"line":31,"column":28},"end":{"line":34,"column":5}},"locations":[{"start":{"line":31,"column":28},"end":{"line":34,"column":5}}]}},"b":{"0":[8],"1":[5],"2":[8],"3":[1],"4":[7],"5":[2],"6":[1],"7":[1]},"fnMap":{"0":{"name":"useLocalCharacter","decl":{"start":{"line":10,"column":7},"end":{"line":37,"column":1}},"loc":{"start":{"line":10,"column":7},"end":{"line":37,"column":1}},"line":10}},"f":{"0":8}}
,"/Users/denisyu/Documents/personal/StarWarsTask/StarWarsSPA/src/pages/CharacterDetailPage.tsx": {"path":"/Users/denisyu/Documents/personal/StarWarsTask/StarWarsSPA/src/pages/CharacterDetailPage.tsx","all":false,"statementMap":{"0":{"start":{"line":1,"column":0},"end":{"line":1,"column":44}},"1":{"start":{"line":2,"column":0},"end":{"line":2,"column":65}},"2":{"start":{"line":3,"column":0},"end":{"line":3,"column":49}},"3":{"start":{"line":4,"column":0},"end":{"line":4,"column":36}},"4":{"start":{"line":5,"column":0},"end":{"line":5,"column":42}},"5":{"start":{"line":6,"column":0},"end":{"line":6,"column":40}},"6":{"start":{"line":7,"column":0},"end":{"line":7,"column":48}},"7":{"start":{"line":8,"column":0},"end":{"line":8,"column":40}},"8":{"start":{"line":9,"column":0},"end":{"line":9,"column":46}},"10":{"start":{"line":11,"column":0},"end":{"line":11,"column":55}},"11":{"start":{"line":12,"column":0},"end":{"line":12,"column":63}},"12":{"start":{"line":13,"column":0},"end":{"line":13,"column":52}},"13":{"start":{"line":14,"column":0},"end":{"line":14,"column":66}},"15":{"start":{"line":16,"column":0},"end":{"line":16,"column":35}},"16":{"start":{"line":17,"column":0},"end":{"line":17,"column":34}},"17":{"start":{"line":18,"column":0},"end":{"line":18,"column":56}},"18":{"start":{"line":19,"column":0},"end":{"line":19,"column":32}},"19":{"start":{"line":20,"column":0},"end":{"line":20,"column":60}},"20":{"start":{"line":21,"column":0},"end":{"line":21,"column":5}},"22":{"start":{"line":23,"column":0},"end":{"line":23,"column":70}},"23":{"start":{"line":24,"column":0},"end":{"line":24,"column":52}},"25":{"start":{"line":26,"column":0},"end":{"line":26,"column":19}},"26":{"start":{"line":27,"column":0},"end":{"line":27,"column":73}},"27":{"start":{"line":28,"column":0},"end":{"line":28,"column":21}},"29":{"start":{"line":30,"column":0},"end":{"line":30,"column":31}},"30":{"start":{"line":31,"column":0},"end":{"line":31,"column":11}},"31":{"start":{"line":32,"column":0},"end":{"line":32,"column":23}},"32":{"start":{"line":33,"column":0},"end":{"line":33,"column":4}},"34":{"start":{"line":35,"column":0},"end":{"line":35,"column":70}},"36":{"start":{"line":37,"column":0},"end":{"line":37,"column":63}},"38":{"start":{"line":39,"column":0},"end":{"line":39,"column":10}},"39":{"start":{"line":40,"column":0},"end":{"line":40,"column":23}},"40":{"start":{"line":41,"column":0},"end":{"line":41,"column":74}},"42":{"start":{"line":43,"column":0},"end":{"line":43,"column":15}},"43":{"start":{"line":44,"column":0},"end":{"line":44,"column":48}},"44":{"start":{"line":45,"column":0},"end":{"line":45,"column":18}},"45":{"start":{"line":46,"column":0},"end":{"line":46,"column":22}},"46":{"start":{"line":47,"column":0},"end":{"line":47,"column":29}},"47":{"start":{"line":48,"column":0},"end":{"line":48,"column":58}},"48":{"start":{"line":49,"column":0},"end":{"line":49,"column":10}},"49":{"start":{"line":50,"column":0},"end":{"line":50,"column":18}},"50":{"start":{"line":51,"column":0},"end":{"line":51,"column":24}},"51":{"start":{"line":52,"column":0},"end":{"line":52,"column":31}},"52":{"start":{"line":53,"column":0},"end":{"line":53,"column":60}},"53":{"start":{"line":54,"column":0},"end":{"line":54,"column":10}},"54":{"start":{"line":55,"column":0},"end":{"line":55,"column":18}},"55":{"start":{"line":56,"column":0},"end":{"line":56,"column":22}},"56":{"start":{"line":57,"column":0},"end":{"line":57,"column":29}},"57":{"start":{"line":58,"column":0},"end":{"line":58,"column":58}},"58":{"start":{"line":59,"column":0},"end":{"line":59,"column":10}},"59":{"start":{"line":60,"column":0},"end":{"line":60,"column":18}},"60":{"start":{"line":61,"column":0},"end":{"line":61,"column":28}},"61":{"start":{"line":62,"column":0},"end":{"line":62,"column":35}},"62":{"start":{"line":63,"column":0},"end":{"line":63,"column":64}},"63":{"start":{"line":64,"column":0},"end":{"line":64,"column":10}},"64":{"start":{"line":65,"column":0},"end":{"line":65,"column":18}},"65":{"start":{"line":66,"column":0},"end":{"line":66,"column":28}},"66":{"start":{"line":67,"column":0},"end":{"line":67,"column":35}},"67":{"start":{"line":68,"column":0},"end":{"line":68,"column":64}},"68":{"start":{"line":69,"column":0},"end":{"line":69,"column":10}},"69":{"start":{"line":70,"column":0},"end":{"line":70,"column":18}},"70":{"start":{"line":71,"column":0},"end":{"line":71,"column":27}},"71":{"start":{"line":72,"column":0},"end":{"line":72,"column":34}},"72":{"start":{"line":73,"column":0},"end":{"line":73,"column":63}},"73":{"start":{"line":74,"column":0},"end":{"line":74,"column":10}},"74":{"start":{"line":75,"column":0},"end":{"line":75,"column":18}},"75":{"start":{"line":76,"column":0},"end":{"line":76,"column":28}},"76":{"start":{"line":77,"column":0},"end":{"line":77,"column":35}},"77":{"start":{"line":78,"column":0},"end":{"line":78,"column":64}},"78":{"start":{"line":79,"column":0},"end":{"line":79,"column":10}},"80":{"start":{"line":81,"column":0},"end":{"line":81,"column":64}},"82":{"start":{"line":83,"column":0},"end":{"line":83,"column":43}},"83":{"start":{"line":84,"column":0},"end":{"line":84,"column":62}},"85":{"start":{"line":86,"column":0},"end":{"line":86,"column":19}},"86":{"start":{"line":87,"column":0},"end":{"line":87,"column":69}},"88":{"start":{"line":89,"column":0},"end":{"line":89,"column":19}},"89":{"start":{"line":90,"column":0},"end":{"line":90,"column":16}},"90":{"start":{"line":91,"column":0},"end":{"line":91,"column":14}},"92":{"start":{"line":93,"column":0},"end":{"line":93,"column":15}},"93":{"start":{"line":94,"column":0},"end":{"line":94,"column":24}},"94":{"start":{"line":95,"column":0},"end":{"line":95,"column":31}},"95":{"start":{"line":96,"column":0},"end":{"line":96,"column":43}},"96":{"start":{"line":97,"column":0},"end":{"line":97,"column":39}},"97":{"start":{"line":98,"column":0},"end":{"line":98,"column":8}},"98":{"start":{"line":99,"column":0},"end":{"line":99,"column":10}},"100":{"start":{"line":101,"column":0},"end":{"line":101,"column":2}},"102":{"start":{"line":103,"column":0},"end":{"line":103,"column":18}},"103":{"start":{"line":104,"column":0},"end":{"line":104,"column":27}},"104":{"start":{"line":105,"column":0},"end":{"line":105,"column":7}},"105":{"start":{"line":106,"column":0},"end":{"line":106,"column":18}},"106":{"start":{"line":107,"column":0},"end":{"line":107,"column":15}},"107":{"start":{"line":108,"column":0},"end":{"line":108,"column":11}},"109":{"start":{"line":110,"column":0},"end":{"line":110,"column":35}}},"s":{"0":1,"1":1,"2":1,"3":1,"4":1,"5":1,"6":1,"7":1,"8":1,"10":1,"11":1,"12":1,"13":1,"15":1,"16":10,"17":10,"18":10,"19":10,"20":10,"22":10,"23":10,"25":10,"26":4,"27":10,"29":10,"30":1,"31":1,"32":1,"34":10,"36":10,"38":5,"39":5,"40":5,"42":5,"43":5,"44":5,"45":5,"46":5,"47":5,"48":5,"49":5,"50":5,"51":5,"52":5,"53":5,"54":5,"55":5,"56":5,"57":5,"58":5,"59":5,"60":5,"61":5,"62":5,"63":5,"64":5,"65":5,"66":5,"67":5,"68":5,"69":5,"70":5,"71":5,"72":5,"73":5,"74":5,"75":5,"76":5,"77":5,"78":5,"80":5,"82":5,"83":5,"85":5,"86":5,"88":5,"89":5,"90":5,"92":5,"93":5,"94":5,"95":5,"96":5,"97":5,"98":5,"100":5,"102":1,"103":1,"104":1,"105":1,"106":1,"107":1,"109":1},"branchMap":{"0":{"type":"branch","line":16,"loc":{"start":{"line":16,"column":28},"end":{"line":101,"column":2}},"locations":[{"start":{"line":16,"column":28},"end":{"line":101,"column":2}}]},"1":{"type":"branch","line":35,"loc":{"start":{"line":35,"column":15},"end":{"line":35,"column":70}},"locations":[{"start":{"line":35,"column":15},"end":{"line":35,"column":70}}]},"2":{"type":"branch","line":35,"loc":{"start":{"line":35,"column":61},"end":{"line":37,"column":19}},"locations":[{"start":{"line":35,"column":61},"end":{"line":37,"column":19}}]},"3":{"type":"branch","line":37,"loc":{"start":{"line":37,"column":6},"end":{"line":37,"column":28}},"locations":[{"start":{"line":37,"column":6},"end":{"line":37,"column":28}}]},"4":{"type":"branch","line":37,"loc":{"start":{"line":37,"column":28},"end":{"line":37,"column":63}},"locations":[{"start":{"line":37,"column":28},"end":{"line":37,"column":63}}]},"5":{"type":"branch","line":37,"loc":{"start":{"line":37,"column":60},"end":{"line":101,"column":2}},"locations":[{"start":{"line":37,"column":60},"end":{"line":101,"column":2}}]},"6":{"type":"branch","line":20,"loc":{"start":{"line":20,"column":13},"end":{"line":20,"column":60}},"locations":[{"start":{"line":20,"column":13},"end":{"line":20,"column":60}}]},"7":{"type":"branch","line":26,"loc":{"start":{"line":26,"column":12},"end":{"line":28,"column":5}},"locations":[{"start":{"line":26,"column":12},"end":{"line":28,"column":5}}]},"8":{"type":"branch","line":30,"loc":{"start":{"line":30,"column":24},"end":{"line":33,"column":4}},"locations":[{"start":{"line":30,"column":24},"end":{"line":33,"column":4}}]},"9":{"type":"branch","line":48,"loc":{"start":{"line":48,"column":20},"end":{"line":48,"column":58}},"locations":[{"start":{"line":48,"column":20},"end":{"line":48,"column":58}}]},"10":{"type":"branch","line":53,"loc":{"start":{"line":53,"column":20},"end":{"line":53,"column":60}},"locations":[{"start":{"line":53,"column":20},"end":{"line":53,"column":60}}]},"11":{"type":"branch","line":96,"loc":{"start":{"line":96,"column":17},"end":{"line":96,"column":43}},"locations":[{"start":{"line":96,"column":17},"end":{"line":96,"column":43}}]}},"b":{"0":[10],"1":[1],"2":[9],"3":[5],"4":[4],"5":[5],"6":[4],"7":[4],"8":[1],"9":[1],"10":[1],"11":[1]},"fnMap":{"0":{"name":"CharacterDetailPage","decl":{"start":{"line":16,"column":28},"end":{"line":101,"column":2}},"loc":{"start":{"line":16,"column":28},"end":{"line":101,"column":2}},"line":16},"1":{"name":"queryFn","decl":{"start":{"line":20,"column":13},"end":{"line":20,"column":60}},"loc":{"start":{"line":20,"column":13},"end":{"line":20,"column":60}},"line":20},"2":{"name":"onSaveLocally","decl":{"start":{"line":30,"column":24},"end":{"line":33,"column":4}},"loc":{"start":{"line":30,"column":24},"end":{"line":33,"column":4}},"line":30},"3":{"name":"onChange","decl":{"start":{"line":48,"column":20},"end":{"line":48,"column":58}},"loc":{"start":{"line":48,"column":20},"end":{"line":48,"column":58}},"line":48},"4":{"name":"onChange","decl":{"start":{"line":53,"column":20},"end":{"line":53,"column":60}},"loc":{"start":{"line":53,"column":20},"end":{"line":53,"column":60}},"line":53},"5":{"name":"onChange","decl":{"start":{"line":58,"column":20},"end":{"line":58,"column":58}},"loc":{"start":{"line":58,"column":20},"end":{"line":58,"column":58}},"line":58},"6":{"name":"onChange","decl":{"start":{"line":63,"column":20},"end":{"line":63,"column":64}},"loc":{"start":{"line":63,"column":20},"end":{"line":63,"column":64}},"line":63},"7":{"name":"onChange","decl":{"start":{"line":68,"column":20},"end":{"line":68,"column":64}},"loc":{"start":{"line":68,"column":20},"end":{"line":68,"column":64}},"line":68},"8":{"name":"onChange","decl":{"start":{"line":73,"column":20},"end":{"line":73,"column":63}},"loc":{"start":{"line":73,"column":20},"end":{"line":73,"column":63}},"line":73},"9":{"name":"onChange","decl":{"start":{"line":78,"column":20},"end":{"line":78,"column":64}},"loc":{"start":{"line":78,"column":20},"end":{"line":78,"column":64}},"line":78},"10":{"name":"onClose","decl":{"start":{"line":96,"column":17},"end":{"line":96,"column":43}},"loc":{"start":{"line":96,"column":17},"end":{"line":96,"column":43}},"line":96}},"f":{"0":10,"1":4,"2":1,"3":1,"4":1,"5":0,"6":0,"7":0,"8":0,"9":0,"10":1}}
,"/Users/denisyu/Documents/personal/StarWarsTask/StarWarsSPA/src/pages/CharactersListPage.tsx": {"path":"/Users/denisyu/Documents/personal/StarWarsTask/StarWarsSPA/src/pages/CharactersListPage.tsx","all":false,"statementMap":{"0":{"start":{"line":1,"column":0},"end":{"line":1,"column":43}},"1":{"start":{"line":2,"column":0},"end":{"line":2,"column":38}},"2":{"start":{"line":3,"column":0},"end":{"line":3,"column":40}},"3":{"start":{"line":4,"column":0},"end":{"line":4,"column":36}},"4":{"start":{"line":5,"column":0},"end":{"line":5,"column":50}},"5":{"start":{"line":6,"column":0},"end":{"line":6,"column":49}},"6":{"start":{"line":7,"column":0},"end":{"line":7,"column":51}},"7":{"start":{"line":8,"column":0},"end":{"line":8,"column":56}},"8":{"start":{"line":9,"column":0},"end":{"line":9,"column":56}},"9":{"start":{"line":10,"column":0},"end":{"line":10,"column":48}},"10":{"start":{"line":11,"column":0},"end":{"line":11,"column":52}},"11":{"start":{"line":12,"column":0},"end":{"line":12,"column":58}},"12":{"start":{"line":13,"column":0},"end":{"line":13,"column":65}},"13":{"start":{"line":14,"column":0},"end":{"line":14,"column":58}},"14":{"start":{"line":15,"column":0},"end":{"line":15,"column":46}},"15":{"start":{"line":16,"column":0},"end":{"line":16,"column":60}},"17":{"start":{"line":18,"column":0},"end":{"line":18,"column":34}},"18":{"start":{"line":19,"column":0},"end":{"line":19,"column":48}},"19":{"start":{"line":20,"column":0},"end":{"line":20,"column":60}},"20":{"start":{"line":21,"column":0},"end":{"line":21,"column":44}},"21":{"start":{"line":22,"column":0},"end":{"line":22,"column":47}},"23":{"start":{"line":24,"column":0},"end":{"line":24,"column":19}},"24":{"start":{"line":25,"column":0},"end":{"line":25,"column":51}},"25":{"start":{"line":26,"column":0},"end":{"line":26,"column":9}},"27":{"start":{"line":28,"column":0},"end":{"line":28,"column":79}},"29":{"start":{"line":30,"column":0},"end":{"line":30,"column":56}},"30":{"start":{"line":31,"column":0},"end":{"line":31,"column":13}},"31":{"start":{"line":32,"column":0},"end":{"line":32,"column":63}},"32":{"start":{"line":33,"column":0},"end":{"line":33,"column":5}},"34":{"start":{"line":35,"column":0},"end":{"line":35,"column":43}},"35":{"start":{"line":36,"column":0},"end":{"line":36,"column":25}},"36":{"start":{"line":37,"column":0},"end":{"line":37,"column":52}},"37":{"start":{"line":38,"column":0},"end":{"line":38,"column":54}},"38":{"start":{"line":39,"column":0},"end":{"line":39,"column":41}},"39":{"start":{"line":40,"column":0},"end":{"line":40,"column":60}},"40":{"start":{"line":41,"column":0},"end":{"line":41,"column":7}},"41":{"start":{"line":42,"column":0},"end":{"line":42,"column":33}},"42":{"start":{"line":43,"column":0},"end":{"line":43,"column":81}},"43":{"start":{"line":44,"column":0},"end":{"line":44,"column":23}},"45":{"start":{"line":46,"column":0},"end":{"line":46,"column":16}},"46":{"start":{"line":47,"column":0},"end":{"line":47,"column":70}},"47":{"start":{"line":48,"column":0},"end":{"line":48,"column":3}},"49":{"start":{"line":50,"column":0},"end":{"line":50,"column":10}},"50":{"start":{"line":51,"column":0},"end":{"line":51,"column":9}},"51":{"start":{"line":52,"column":0},"end":{"line":52,"column":26}},"52":{"start":{"line":53,"column":0},"end":{"line":53,"column":18}},"53":{"start":{"line":54,"column":0},"end":{"line":54,"column":24}},"54":{"start":{"line":55,"column":0},"end":{"line":55,"column":59}},"55":{"start":{"line":56,"column":0},"end":{"line":56,"column":35}},"56":{"start":{"line":57,"column":0},"end":{"line":57,"column":10}},"57":{"start":{"line":58,"column":0},"end":{"line":58,"column":12}},"59":{"start":{"line":60,"column":0},"end":{"line":60,"column":47}},"61":{"start":{"line":62,"column":0},"end":{"line":62,"column":64}},"62":{"start":{"line":63,"column":0},"end":{"line":63,"column":89}},"63":{"start":{"line":64,"column":0},"end":{"line":64,"column":45}},"64":{"start":{"line":65,"column":0},"end":{"line":65,"column":14}},"67":{"start":{"line":68,"column":0},"end":{"line":68,"column":62}},"68":{"start":{"line":69,"column":0},"end":{"line":69,"column":10}},"69":{"start":{"line":70,"column":0},"end":{"line":70,"column":38}},"70":{"start":{"line":71,"column":0},"end":{"line":71,"column":51}},"71":{"start":{"line":72,"column":0},"end":{"line":72,"column":65}},"72":{"start":{"line":73,"column":0},"end":{"line":73,"column":55}},"73":{"start":{"line":74,"column":0},"end":{"line":74,"column":21}},"74":{"start":{"line":75,"column":0},"end":{"line":75,"column":15}},"75":{"start":{"line":76,"column":0},"end":{"line":76,"column":17}},"76":{"start":{"line":77,"column":0},"end":{"line":77,"column":70}},"77":{"start":{"line":78,"column":0},"end":{"line":78,"column":26}},"78":{"start":{"line":79,"column":0},"end":{"line":79,"column":25}},"79":{"start":{"line":80,"column":0},"end":{"line":80,"column":32}},"80":{"start":{"line":81,"column":0},"end":{"line":81,"column":39}},"81":{"start":{"line":82,"column":0},"end":{"line":82,"column":61}},"82":{"start":{"line":83,"column":0},"end":{"line":83,"column":14}},"83":{"start":{"line":84,"column":0},"end":{"line":84,"column":16}},"84":{"start":{"line":85,"column":0},"end":{"line":85,"column":11}},"86":{"start":{"line":87,"column":0},"end":{"line":87,"column":10}},"88":{"start":{"line":89,"column":0},"end":{"line":89,"column":2}},"90":{"start":{"line":91,"column":0},"end":{"line":91,"column":34}}},"s":{"0":1,"1":1,"2":1,"3":1,"4":1,"5":1,"6":1,"7":1,"8":1,"9":1,"10":1,"11":1,"12":1,"13":1,"14":1,"15":1,"17":1,"18":8,"19":8,"20":8,"21":8,"23":8,"24":4,"25":8,"27":8,"29":8,"30":8,"31":8,"32":8,"34":8,"35":8,"36":4,"37":8,"38":8,"39":8,"40":4,"41":8,"42":2,"43":8,"45":8,"46":0,"47":0,"49":8,"50":8,"51":8,"52":8,"53":8,"54":8,"55":8,"56":8,"57":8,"59":8,"61":8,"62":1,"63":1,"64":1,"67":8,"68":3,"69":3,"70":3,"71":5,"72":5,"73":5,"74":3,"75":3,"76":3,"77":3,"78":3,"79":3,"80":3,"81":3,"82":3,"83":3,"84":3,"86":8,"88":8,"90":1},"branchMap":{"0":{"type":"branch","line":18,"loc":{"start":{"line":18,"column":27},"end":{"line":89,"column":2}},"locations":[{"start":{"line":18,"column":27},"end":{"line":89,"column":2}}]},"1":{"type":"branch","line":20,"loc":{"start":{"line":20,"column":51},"end":{"line":20,"column":57}},"locations":[{"start":{"line":20,"column":51},"end":{"line":20,"column":57}}]},"2":{"type":"branch","line":21,"loc":{"start":{"line":21,"column":36},"end":{"line":21,"column":44}},"locations":[{"start":{"line":21,"column":36},"end":{"line":21,"column":44}}]},"3":{"type":"branch","line":46,"loc":{"start":{"line":46,"column":15},"end":{"line":48,"column":3}},"locations":[{"start":{"line":46,"column":15},"end":{"line":48,"column":3}}]},"4":{"type":"branch","line":60,"loc":{"start":{"line":60,"column":7},"end":{"line":60,"column":47}},"locations":[{"start":{"line":60,"column":7},"end":{"line":60,"column":47}}]},"5":{"type":"branch","line":62,"loc":{"start":{"line":62,"column":8},"end":{"line":62,"column":29}},"locations":[{"start":{"line":62,"column":8},"end":{"line":62,"column":29}}]},"6":{"type":"branch","line":62,"loc":{"start":{"line":62,"column":21},"end":{"line":62,"column":64}},"locations":[{"start":{"line":62,"column":21},"end":{"line":62,"column":64}}]},"7":{"type":"branch","line":62,"loc":{"start":{"line":62,"column":58},"end":{"line":65,"column":14}},"locations":[{"start":{"line":62,"column":58},"end":{"line":65,"column":14}}]},"8":{"type":"branch","line":68,"loc":{"start":{"line":68,"column":8},"end":{"line":68,"column":29}},"locations":[{"start":{"line":68,"column":8},"end":{"line":68,"column":29}}]},"9":{"type":"branch","line":68,"loc":{"start":{"line":68,"column":21},"end":{"line":68,"column":62}},"locations":[{"start":{"line":68,"column":21},"end":{"line":68,"column":62}}]},"10":{"type":"branch","line":68,"loc":{"start":{"line":68,"column":56},"end":{"line":85,"column":11}},"locations":[{"start":{"line":68,"column":56},"end":{"line":85,"column":11}}]},"11":{"type":"branch","line":24,"loc":{"start":{"line":24,"column":12},"end":{"line":26,"column":5}},"locations":[{"start":{"line":24,"column":12},"end":{"line":26,"column":5}}]},"12":{"type":"branch","line":28,"loc":{"start":{"line":28,"column":27},"end":{"line":28,"column":63}},"locations":[{"start":{"line":28,"column":27},"end":{"line":28,"column":63}}]},"13":{"type":"branch","line":32,"loc":{"start":{"line":32,"column":13},"end":{"line":32,"column":63}},"locations":[{"start":{"line":32,"column":13},"end":{"line":32,"column":63}}]},"14":{"type":"branch","line":35,"loc":{"start":{"line":35,"column":36},"end":{"line":44,"column":5}},"locations":[{"start":{"line":35,"column":36},"end":{"line":44,"column":5}}]},"15":{"type":"branch","line":36,"loc":{"start":{"line":36,"column":15},"end":{"line":42,"column":26}},"locations":[{"start":{"line":36,"column":15},"end":{"line":42,"column":26}}]},"16":{"type":"branch","line":42,"loc":{"start":{"line":42,"column":19},"end":{"line":43,"column":81}},"locations":[{"start":{"line":42,"column":19},"end":{"line":43,"column":81}}]},"17":{"type":"branch","line":37,"loc":{"start":{"line":37,"column":36},"end":{"line":41,"column":5}},"locations":[{"start":{"line":37,"column":36},"end":{"line":41,"column":5}}]},"18":{"type":"branch","line":40,"loc":{"start":{"line":40,"column":13},"end":{"line":40,"column":50}},"locations":[{"start":{"line":40,"column":13},"end":{"line":40,"column":50}}]},"19":{"type":"branch","line":40,"loc":{"start":{"line":40,"column":46},"end":{"line":40,"column":60}},"locations":[{"start":{"line":40,"column":46},"end":{"line":40,"column":60}}]},"20":{"type":"branch","line":43,"loc":{"start":{"line":43,"column":25},"end":{"line":43,"column":79}},"locations":[{"start":{"line":43,"column":25},"end":{"line":43,"column":79}}]},"21":{"type":"branch","line":43,"loc":{"start":{"line":43,"column":35},"end":{"line":43,"column":47}},"locations":[{"start":{"line":43,"column":35},"end":{"line":43,"column":47}}]},"22":{"type":"branch","line":71,"loc":{"start":{"line":71,"column":35},"end":{"line":74,"column":21}},"locations":[{"start":{"line":71,"column":35},"end":{"line":74,"column":21}}]}},"b":{"0":[8],"1":[6],"2":[4],"3":[0],"4":[4],"5":[4],"6":[4],"7":[1],"8":[4],"9":[4],"10":[3],"11":[4],"12":[4],"13":[4],"14":[8],"15":[4],"16":[2],"17":[8],"18":[1],"19":[7],"20":[4],"21":[0],"22":[5]},"fnMap":{"0":{"name":"CharactersListPage","decl":{"start":{"line":18,"column":27},"end":{"line":89,"column":2}},"loc":{"start":{"line":18,"column":27},"end":{"line":89,"column":2}},"line":18},"1":{"name":"queryFn","decl":{"start":{"line":32,"column":13},"end":{"line":32,"column":63}},"loc":{"start":{"line":32,"column":13},"end":{"line":32,"column":63}},"line":32},"2":{"name":"onChange","decl":{"start":{"line":55,"column":20},"end":{"line":55,"column":59}},"loc":{"start":{"line":55,"column":20},"end":{"line":55,"column":59}},"line":55},"3":{"name":"onChange","decl":{"start":{"line":82,"column":24},"end":{"line":82,"column":61}},"loc":{"start":{"line":82,"column":24},"end":{"line":82,"column":61}},"line":82}},"f":{"0":8,"1":4,"2":0,"3":0}}
,"/Users/denisyu/Documents/personal/StarWarsTask/StarWarsSPA/src/services/localEdits.ts": {"path":"/Users/denisyu/Documents/personal/StarWarsTask/StarWarsSPA/src/services/localEdits.ts","all":false,"statementMap":{"6":{"start":{"line":7,"column":0},"end":{"line":7,"column":38}},"8":{"start":{"line":9,"column":0},"end":{"line":9,"column":66}},"9":{"start":{"line":10,"column":0},"end":{"line":10,"column":52}},"10":{"start":{"line":11,"column":0},"end":{"line":11,"column":22}},"11":{"start":{"line":12,"column":0},"end":{"line":12,"column":7}},"12":{"start":{"line":13,"column":0},"end":{"line":13,"column":45}},"13":{"start":{"line":14,"column":0},"end":{"line":14,"column":11}},"14":{"start":{"line":15,"column":0},"end":{"line":15,"column":14}},"15":{"start":{"line":16,"column":0},"end":{"line":16,"column":3}},"16":{"start":{"line":17,"column":0},"end":{"line":17,"column":2}},"18":{"start":{"line":19,"column":0},"end":{"line":19,"column":72}},"19":{"start":{"line":20,"column":0},"end":{"line":20,"column":52}},"20":{"start":{"line":21,"column":0},"end":{"line":21,"column":24}},"21":{"start":{"line":22,"column":0},"end":{"line":22,"column":7}},"22":{"start":{"line":23,"column":0},"end":{"line":23,"column":45}},"23":{"start":{"line":24,"column":0},"end":{"line":24,"column":11}},"24":{"start":{"line":25,"column":0},"end":{"line":25,"column":16}},"25":{"start":{"line":26,"column":0},"end":{"line":26,"column":3}},"26":{"start":{"line":27,"column":0},"end":{"line":27,"column":2}},"28":{"start":{"line":29,"column":0},"end":{"line":29,"column":79}},"29":{"start":{"line":30,"column":0},"end":{"line":30,"column":63}},"30":{"start":{"line":31,"column":0},"end":{"line":31,"column":2}},"32":{"start":{"line":33,"column":0},"end":{"line":33,"column":57}},"33":{"start":{"line":34,"column":0},"end":{"line":34,"column":43}},"34":{"start":{"line":35,"column":0},"end":{"line":35,"column":2}}},"s":{"6":1,"8":1,"9":3,"10":3,"11":2,"12":2,"13":3,"14":1,"15":1,"16":3,"18":1,"19":3,"20":3,"21":2,"22":2,"23":3,"24":1,"25":1,"26":3,"28":1,"29":1,"30":1,"32":1,"33":1,"34":1},"branchMap":{"0":{"type":"branch","line":9,"loc":{"start":{"line":9,"column":33},"end":{"line":17,"column":2}},"locations":[{"start":{"line":9,"column":33},"end":{"line":17,"column":2}}]},"1":{"type":"branch","line":11,"loc":{"start":{"line":11,"column":12},"end":{"line":11,"column":22}},"locations":[{"start":{"line":11,"column":12},"end":{"line":11,"column":22}}]},"2":{"type":"branch","line":11,"loc":{"start":{"line":11,"column":20},"end":{"line":14,"column":10}},"locations":[{"start":{"line":11,"column":20},"end":{"line":14,"column":10}}]},"3":{"type":"branch","line":14,"loc":{"start":{"line":14,"column":2},"end":{"line":16,"column":3}},"locations":[{"start":{"line":14,"column":2},"end":{"line":16,"column":3}}]},"4":{"type":"branch","line":19,"loc":{"start":{"line":19,"column":32},"end":{"line":27,"column":2}},"locations":[{"start":{"line":19,"column":32},"end":{"line":27,"column":2}}]},"5":{"type":"branch","line":21,"loc":{"start":{"line":21,"column":12},"end":{"line":21,"column":24}},"locations":[{"start":{"line":21,"column":12},"end":{"line":21,"column":24}}]},"6":{"type":"branch","line":21,"loc":{"start":{"line":21,"column":19},"end":{"line":24,"column":10}},"locations":[{"start":{"line":21,"column":19},"end":{"line":24,"column":10}}]},"7":{"type":"branch","line":24,"loc":{"start":{"line":24,"column":2},"end":{"line":26,"column":3}},"locations":[{"start":{"line":24,"column":2},"end":{"line":26,"column":3}}]},"8":{"type":"branch","line":29,"loc":{"start":{"line":29,"column":33},"end":{"line":31,"column":2}},"locations":[{"start":{"line":29,"column":33},"end":{"line":31,"column":2}}]},"9":{"type":"branch","line":33,"loc":{"start":{"line":33,"column":34},"end":{"line":35,"column":2}},"locations":[{"start":{"line":33,"column":34},"end":{"line":35,"column":2}}]}},"b":{"0":[3],"1":[1],"2":[2],"3":[1],"4":[3],"5":[1],"6":[2],"7":[1],"8":[1],"9":[1]},"fnMap":{"0":{"name":"loadCharacterEdit","decl":{"start":{"line":9,"column":33},"end":{"line":17,"column":2}},"loc":{"start":{"line":9,"column":33},"end":{"line":17,"column":2}},"line":9},"1":{"name":"getCharacterEdit","decl":{"start":{"line":19,"column":32},"end":{"line":27,"column":2}},"loc":{"start":{"line":19,"column":32},"end":{"line":27,"column":2}},"line":19},"2":{"name":"saveCharacterEdit","decl":{"start":{"line":29,"column":33},"end":{"line":31,"column":2}},"loc":{"start":{"line":29,"column":33},"end":{"line":31,"column":2}},"line":29},"3":{"name":"clearCharacterEdit","decl":{"start":{"line":33,"column":34},"end":{"line":35,"column":2}},"loc":{"start":{"line":33,"column":34},"end":{"line":35,"column":2}},"line":33}},"f":{"0":3,"1":3,"2":1,"3":1}}
,"/Users/denisyu/Documents/personal/StarWarsTask/StarWarsSPA/src/services/navigation.ts": {"path":"/Users/denisyu/Documents/personal/StarWarsTask/StarWarsSPA/src/services/navigation.ts","all":false,"statementMap":{"2":{"start":{"line":3,"column":0},"end":{"line":3,"column":73}},"3":{"start":{"line":4,"column":0},"end":{"line":4,"column":12}},"4":{"start":{"line":5,"column":0},"end":{"line":5,"column":15}},"5":{"start":{"line":6,"column":0},"end":{"line":6,"column":42}},"6":{"start":{"line":7,"column":0},"end":{"line":7,"column":34}},"7":{"start":{"line":8,"column":0},"end":{"line":8,"column":15}},"8":{"start":{"line":9,"column":0},"end":{"line":9,"column":6}},"9":{"start":{"line":10,"column":0},"end":{"line":10,"column":21}},"10":{"start":{"line":11,"column":0},"end":{"line":11,"column":4}},"11":{"start":{"line":12,"column":0},"end":{"line":12,"column":2}},"13":{"start":{"line":14,"column":0},"end":{"line":14,"column":75}},"14":{"start":{"line":15,"column":0},"end":{"line":15,"column":12}},"15":{"start":{"line":16,"column":0},"end":{"line":16,"column":15}},"16":{"start":{"line":17,"column":0},"end":{"line":17,"column":42}},"17":{"start":{"line":18,"column":0},"end":{"line":18,"column":17}},"18":{"start":{"line":19,"column":0},"end":{"line":19,"column":30}},"19":{"start":{"line":20,"column":0},"end":{"line":20,"column":14}},"20":{"start":{"line":21,"column":0},"end":{"line":21,"column":27}},"21":{"start":{"line":22,"column":0},"end":{"line":22,"column":7}},"22":{"start":{"line":23,"column":0},"end":{"line":23,"column":25}},"23":{"start":{"line":24,"column":0},"end":{"line":24,"column":15}},"24":{"start":{"line":25,"column":0},"end":{"line":25,"column":6}},"25":{"start":{"line":26,"column":0},"end":{"line":26,"column":21}},"26":{"start":{"line":27,"column":0},"end":{"line":27,"column":4}},"27":{"start":{"line":28,"column":0},"end":{"line":28,"column":2}}},"s":{"2":1,"3":1,"4":1,"5":1,"6":1,"7":1,"8":1,"9":1,"10":1,"11":1,"13":1,"14":2,"15":2,"16":2,"17":2,"18":1,"19":1,"20":1,"21":1,"22":2,"23":2,"24":2,"25":2,"26":2,"27":2},"branchMap":{"0":{"type":"branch","line":3,"loc":{"start":{"line":3,"column":23},"end":{"line":12,"column":2}},"locations":[{"start":{"line":3,"column":23},"end":{"line":12,"column":2}}]},"1":{"type":"branch","line":5,"loc":{"start":{"line":5,"column":4},"end":{"line":9,"column":6}},"locations":[{"start":{"line":5,"column":4},"end":{"line":9,"column":6}}]},"2":{"type":"branch","line":14,"loc":{"start":{"line":14,"column":25},"end":{"line":28,"column":2}},"locations":[{"start":{"line":14,"column":25},"end":{"line":28,"column":2}}]},"3":{"type":"branch","line":16,"loc":{"start":{"line":16,"column":4},"end":{"line":25,"column":6}},"locations":[{"start":{"line":16,"column":4},"end":{"line":25,"column":6}}]},"4":{"type":"branch","line":18,"loc":{"start":{"line":18,"column":16},"end":{"line":22,"column":7}},"locations":[{"start":{"line":18,"column":16},"end":{"line":22,"column":7}}]}},"b":{"0":[1],"1":[1],"2":[2],"3":[2],"4":[1]},"fnMap":{"0":{"name":"setPage","decl":{"start":{"line":3,"column":23},"end":{"line":12,"column":2}},"loc":{"start":{"line":3,"column":23},"end":{"line":12,"column":2}},"line":3},"1":{"name":"setParams.replace","decl":{"start":{"line":5,"column":4},"end":{"line":9,"column":6}},"loc":{"start":{"line":5,"column":4},"end":{"line":9,"column":6}},"line":5},"2":{"name":"setSearch","decl":{"start":{"line":14,"column":25},"end":{"line":28,"column":2}},"loc":{"start":{"line":14,"column":25},"end":{"line":28,"column":2}},"line":14},"3":{"name":"setParams.replace","decl":{"start":{"line":16,"column":4},"end":{"line":25,"column":6}},"loc":{"start":{"line":16,"column":4},"end":{"line":25,"column":6}},"line":16}},"f":{"0":1,"1":1,"2":2,"3":2}}
,"/Users/denisyu/Documents/personal/StarWarsTask/StarWarsSPA/src/services/swapi.ts": {"path":"/Users/denisyu/Documents/personal/StarWarsTask/StarWarsSPA/src/services/swapi.ts","all":false,"statementMap":{"0":{"start":{"line":1,"column":0},"end":{"line":1,"column":70}},"2":{"start":{"line":3,"column":0},"end":{"line":3,"column":57}},"4":{"start":{"line":5,"column":0},"end":{"line":5,"column":63}},"5":{"start":{"line":6,"column":0},"end":{"line":6,"column":47}},"6":{"start":{"line":7,"column":0},"end":{"line":7,"column":33}},"7":{"start":{"line":8,"column":0},"end":{"line":8,"column":2}},"9":{"start":{"line":10,"column":0},"end":{"line":10,"column":38}},"10":{"start":{"line":11,"column":0},"end":{"line":11,"column":15}},"11":{"start":{"line":12,"column":0},"end":{"line":12,"column":17}},"12":{"start":{"line":13,"column":0},"end":{"line":13,"column":22}},"13":{"start":{"line":14,"column":0},"end":{"line":14,"column":47}},"14":{"start":{"line":15,"column":0},"end":{"line":15,"column":39}},"15":{"start":{"line":16,"column":0},"end":{"line":16,"column":49}},"16":{"start":{"line":17,"column":0},"end":{"line":17,"column":43}},"17":{"start":{"line":18,"column":0},"end":{"line":18,"column":82}},"18":{"start":{"line":19,"column":0},"end":{"line":19,"column":60}},"19":{"start":{"line":20,"column":0},"end":{"line":20,"column":20}},"20":{"start":{"line":21,"column":0},"end":{"line":21,"column":1}},"22":{"start":{"line":23,"column":0},"end":{"line":23,"column":41}},"23":{"start":{"line":24,"column":0},"end":{"line":24,"column":13}},"24":{"start":{"line":25,"column":0},"end":{"line":25,"column":22}},"25":{"start":{"line":26,"column":0},"end":{"line":26,"column":28}},"26":{"start":{"line":27,"column":0},"end":{"line":27,"column":67}},"27":{"start":{"line":28,"column":0},"end":{"line":28,"column":54}},"28":{"start":{"line":29,"column":0},"end":{"line":29,"column":20}},"29":{"start":{"line":30,"column":0},"end":{"line":30,"column":1}}},"s":{"0":1,"2":1,"4":1,"5":5,"6":5,"7":5,"9":0,"10":0,"11":0,"12":0,"13":0,"14":0,"15":0,"16":0,"17":0,"18":0,"19":0,"20":0,"22":0,"23":0,"24":0,"25":0,"26":0,"27":0,"28":0,"29":0},"branchMap":{"0":{"type":"branch","line":5,"loc":{"start":{"line":5,"column":37},"end":{"line":8,"column":2}},"locations":[{"start":{"line":5,"column":37},"end":{"line":8,"column":2}}]}},"b":{"0":[5]},"fnMap":{"0":{"name":"getCharacterIdFromUrl","decl":{"start":{"line":5,"column":37},"end":{"line":8,"column":2}},"loc":{"start":{"line":5,"column":37},"end":{"line":8,"column":2}},"line":5},"1":{"name":"fetchCharacters","decl":{"start":{"line":10,"column":0},"end":{"line":21,"column":1}},"loc":{"start":{"line":10,"column":0},"end":{"line":21,"column":1}},"line":10},"2":{"name":"fetchCharacterById","decl":{"start":{"line":23,"column":0},"end":{"line":30,"column":1}},"loc":{"start":{"line":23,"column":0},"end":{"line":30,"column":1}},"line":23}},"f":{"0":5,"1":0,"2":0}}
,"/Users/denisyu/Documents/personal/StarWarsTask/StarWarsSPA/src/services/types.ts": {"path":"/Users/denisyu/Documents/personal/StarWarsTask/StarWarsSPA/src/services/types.ts","all":false,"statementMap":{},"s":{},"branchMap":{},"b":{},"fnMap":{},"f":{}}
,"/Users/denisyu/Documents/personal/StarWarsTask/StarWarsSPA/src/theme/index.ts": {"path":"/Users/denisyu/Documents/personal/StarWarsTask/StarWarsSPA/src/theme/index.ts","all":true,"statementMap":{"0":{"start":{"line":1,"column":0},"end":{"line":1,"column":51}},"2":{"start":{"line":3,"column":0},"end":{"line":3,"column":37}},"3":{"start":{"line":4,"column":0},"end":{"line":4,"column":12}},"4":{"start":{"line":5,"column":0},"end":{"line":5,"column":18}},"5":{"start":{"line":6,"column":0},"end":{"line":6,"column":33}},"6":{"start":{"line":7,"column":0},"end":{"line":7,"column":39}},"7":{"start":{"line":8,"column":0},"end":{"line":8,"column":4}},"8":{"start":{"line":9,"column":0},"end":{"line":9,"column":10}},"9":{"start":{"line":10,"column":0},"end":{"line":10,"column":21}},"10":{"start":{"line":11,"column":0},"end":{"line":11,"column":4}},"11":{"start":{"line":12,"column":0},"end":{"line":12,"column":3}},"13":{"start":{"line":14,"column":0},"end":{"line":14,"column":24}}},"s":{"0":0,"2":0,"3":0,"4":0,"5":0,"6":0,"7":0,"8":0,"9":0,"10":0,"11":0,"13":0},"branchMap":{"0":{"type":"branch","line":1,"loc":{"start":{"line":1,"column":269},"end":{"line":14,"column":24}},"locations":[{"start":{"line":1,"column":269},"end":{"line":14,"column":24}}]}},"b":{"0":[0]},"fnMap":{"0":{"name":"(empty-report)","decl":{"start":{"line":1,"column":269},"end":{"line":14,"column":24}},"loc":{"start":{"line":1,"column":269},"end":{"line":14,"column":24}},"line":1}},"f":{"0":0}}
}
